<?xml version="1.0" encoding="UTF-8"?>
<!-- Generated by org.testng.reporters.JUnitReportReporter -->
<testsuite hostname="DELL" failures="0" tests="1" name="TS_001_REGISTRATION_FUNCTIONALITY.TC_002_RF_not_enter_MANDATORY_FIELD" time="12.535" errors="0" timestamp="2024-05-14T19:34:24 IST" skipped="0">
  <testcase classname="TS_001_REGISTRATION_FUNCTIONALITY.TC_002_RF_not_enter_MANDATORY_FIELD" name="rf1" time="12.535"/>
  <system-out/>
</testsuite> <!-- TS_001_REGISTRATION_FUNCTIONALITY.TC_002_RF_not_enter_MANDATORY_FIELD -->
