<?xml version="1.0" encoding="UTF-8"?>
<!-- Generated by org.testng.reporters.JUnitReportReporter -->
<testsuite hostname="DELL" failures="0" tests="2" name="TS_004_FORGOT_ACCOUNT_DETAILS.TS_004_FAD_TC_007validate_back_button" time="26.176" errors="0" timestamp="2024-05-16T12:26:20 IST" skipped="0">
  <testcase classname="TS_004_FORGOT_ACCOUNT_DETAILS.TS_004_FAD_TC_007validate_back_button" name="url_title_forgot_account_details" time="13.139"/>
  <system-out>
    <![CDATA[method nameurl_title_forgot_account_details
method status1]]>
  </system-out>
  <testcase classname="TS_004_FORGOT_ACCOUNT_DETAILS.TS_004_FAD_TC_007validate_back_button" name="reset_password_page" time="13.037"/>
  <system-out>
    <![CDATA[method namereset_password_page
method status1]]>
  </system-out>
</testsuite> <!-- TS_004_FORGOT_ACCOUNT_DETAILS.TS_004_FAD_TC_007validate_back_button -->
