<?xml version="1.0" encoding="UTF-8"?>
<!-- Generated by org.testng.reporters.JUnitReportReporter -->
<testsuite hostname="DELL" failures="0" tests="1" name="TS_004_FORGOT_ACCOUNT_DETAILS.TS_004_FAD_TC_010_RESET_EXIXTING_ACCOUNT" time="13.489" errors="0" timestamp="2024-05-16T12:26:20 IST" skipped="0">
  <testcase classname="TS_004_FORGOT_ACCOUNT_DETAILS.TS_004_FAD_TC_010_RESET_EXIXTING_ACCOUNT" name="reset_password_page" time="13.489"/>
  <system-out>
    <![CDATA[method namereset_password_page
method status1]]>
  </system-out>
</testsuite> <!-- TS_004_FORGOT_ACCOUNT_DETAILS.TS_004_FAD_TC_010_RESET_EXIXTING_ACCOUNT -->
