<?xml version="1.0" encoding="UTF-8"?>
<!-- Generated by org.testng.reporters.JUnitReportReporter -->
<testsuite hostname="DELL" failures="0" tests="1" name="TS_006_HOME_PAGE.TS_006_HP_TC_001_NAVIGATE_TO_HOME_PAGE" time="8.154" errors="0" timestamp="2024-05-16T17:30:33 IST" skipped="0">
  <testcase classname="TS_006_HOME_PAGE.TS_006_HP_TC_001_NAVIGATE_TO_HOME_PAGE" name="TS_006_HP_TC_001_NAVIGATE_TO_HOME_PAGE" time="8.154"/>
  <system-out/>
</testsuite> <!-- TS_006_HOME_PAGE.TS_006_HP_TC_001_NAVIGATE_TO_HOME_PAGE -->
