<?xml version="1.0" encoding="UTF-8"?>
<!-- Generated by org.testng.reporters.JUnitReportReporter -->
<testsuite hostname="DELL" failures="0" tests="1" name="TS_001_REGISTRATION_FUNCTIONALITY.TC_005_RF_proper_placeholder" time="24.242" errors="0" timestamp="2024-05-15T08:07:06 IST" skipped="0">
  <testcase classname="TS_001_REGISTRATION_FUNCTIONALITY.TC_005_RF_proper_placeholder" name="rf1" time="24.242"/>
  <system-out>
    <![CDATA[method namerf1
method status1]]>
  </system-out>
</testsuite> <!-- TS_001_REGISTRATION_FUNCTIONALITY.TC_005_RF_proper_placeholder -->
