<?xml version="1.0" encoding="UTF-8"?>
<!-- Generated by org.testng.reporters.JUnitReportReporter -->
<testsuite hostname="DELL" failures="0" tests="2" name="TS_003_LOGOUT_FUNCTIONALITY.TS_003_LO_TC_005_login_page_url_title" time="14.723" errors="0" timestamp="2024-05-15T19:22:35 IST" skipped="0">
  <testcase classname="TS_003_LOGOUT_FUNCTIONALITY.TS_003_LO_TC_005_login_page_url_title" name="logout" time="7.998"/>
  <system-out>
    <![CDATA[method namelogout
method status1]]>
  </system-out>
  <testcase classname="TS_003_LOGOUT_FUNCTIONALITY.TS_003_LO_TC_005_login_page_url_title" name="get_cap" time="6.725"/>
  <system-out>
    <![CDATA[method nameget_cap
method status1]]>
  </system-out>
</testsuite> <!-- TS_003_LOGOUT_FUNCTIONALITY.TS_003_LO_TC_005_login_page_url_title -->
