<?xml version="1.0" encoding="UTF-8"?>
<!-- Generated by org.testng.reporters.JUnitReportReporter -->
<testsuite hostname="DELL" failures="0" tests="2" name="TS_003_LOGOUT_FUNCTIONALITY.TS_003_LO_TC_003_logout_option_displayed_after_logout_" time="22.696" errors="0" timestamp="2024-05-15T19:22:35 IST" skipped="0">
  <testcase classname="TS_003_LOGOUT_FUNCTIONALITY.TS_003_LO_TC_003_logout_option_displayed_after_logout_" name="get_cap" time="10.011"/>
  <system-out>
    <![CDATA[method nameget_cap
method status1]]>
  </system-out>
  <testcase classname="TS_003_LOGOUT_FUNCTIONALITY.TS_003_LO_TC_003_logout_option_displayed_after_logout_" name="logout" time="12.685"/>
  <system-out>
    <![CDATA[method namelogout
method status1]]>
  </system-out>
</testsuite> <!-- TS_003_LOGOUT_FUNCTIONALITY.TS_003_LO_TC_003_logout_option_displayed_after_logout_ -->
