<?xml version="1.0" encoding="UTF-8"?>
<!-- Generated by org.testng.reporters.JUnitReportReporter -->
<testsuite hostname="DELL" failures="0" tests="1" name="READ_CAPTCHA.READ__CAPTCHA" time="20.166" errors="0" timestamp="2024-05-15T10:26:13 IST" skipped="0">
  <testcase classname="READ_CAPTCHA.READ__CAPTCHA" name="get_cap" time="20.166"/>
  <system-out/>
</testsuite> <!-- READ_CAPTCHA.READ__CAPTCHA -->
