<?xml version="1.0" encoding="UTF-8"?>
<!-- Generated by org.testng.reporters.JUnitReportReporter -->
<testsuite hostname="DELL" failures="0" tests="1" name="TS_001_REGISTRATION_FUNCTIONALITY.TC_003_RF_exist_account" time="23.024" errors="0" timestamp="2024-05-15T07:55:53 IST" skipped="0">
  <testcase classname="TS_001_REGISTRATION_FUNCTIONALITY.TC_003_RF_exist_account" name="rf1" time="23.024"/>
  <system-out>
    <![CDATA[method namerf1
method status1]]>
  </system-out>
</testsuite> <!-- TS_001_REGISTRATION_FUNCTIONALITY.TC_003_RF_exist_account -->
