<?xml version="1.0" encoding="UTF-8"?>
<!-- Generated by org.testng.reporters.JUnitReportReporter -->
<testsuite hostname="DELL" failures="0" tests="1" name="TS_002_LF_VALID_MANDATORY_FIELD.TC_008_LF_password_toggle_hide" time="11.132" errors="0" timestamp="2024-05-15T16:55:26 IST" skipped="0">
  <testcase classname="TS_002_LF_VALID_MANDATORY_FIELD.TC_008_LF_password_toggle_hide" name="LOGIN_FIELDS" time="11.132"/>
  <system-out>
    <![CDATA[method nameLOGIN_FIELDS
method status1]]>
  </system-out>
</testsuite> <!-- TS_002_LF_VALID_MANDATORY_FIELD.TC_008_LF_password_toggle_hide -->
