<?xml version="1.0" encoding="UTF-8"?>
<!-- Generated by org.testng.reporters.JUnitReportReporter -->
<testsuite hostname="DELL" failures="0" tests="2" name="TS_004_FORGOT_ACCOUNT_DETAILS.TS_004_FAD_TC_002_NEW_PASSWORD_PLACEHOLDER" time="71.328" errors="0" timestamp="2024-05-16T12:26:20 IST" skipped="0">
  <testcase classname="TS_004_FORGOT_ACCOUNT_DETAILS.TS_004_FAD_TC_002_NEW_PASSWORD_PLACEHOLDER" name="PLACE_HOLDER_forgot_account_details" time="56.587"/>
  <system-out>
    <![CDATA[method namePLACE_HOLDER_forgot_account_details
method status1]]>
  </system-out>
  <testcase classname="TS_004_FORGOT_ACCOUNT_DETAILS.TS_004_FAD_TC_002_NEW_PASSWORD_PLACEHOLDER" name="reset_password_page" time="14.741"/>
  <system-out>
    <![CDATA[method namereset_password_page
method status1]]>
  </system-out>
</testsuite> <!-- TS_004_FORGOT_ACCOUNT_DETAILS.TS_004_FAD_TC_002_NEW_PASSWORD_PLACEHOLDER -->
