<?xml version="1.0" encoding="UTF-8"?>
<!-- Generated by org.testng.reporters.JUnitReportReporter -->
<testsuite hostname="DELL" failures="0" tests="2" name="TS_003_LOGOUT_FUNCTIONALITY.TS_003_LO_TC_002_back_after_LOGOUT2" time="16.938" errors="0" timestamp="2024-05-15T19:22:34 IST" skipped="0">
  <testcase classname="TS_003_LOGOUT_FUNCTIONALITY.TS_003_LO_TC_002_back_after_LOGOUT2" name="get_cap" time="7.760"/>
  <system-out>
    <![CDATA[method nameget_cap
method status1]]>
  </system-out>
  <testcase classname="TS_003_LOGOUT_FUNCTIONALITY.TS_003_LO_TC_002_back_after_LOGOUT2" name="logout" time="9.178"/>
  <system-out>
    <![CDATA[method namelogout
method status1]]>
  </system-out>
</testsuite> <!-- TS_003_LOGOUT_FUNCTIONALITY.TS_003_LO_TC_002_back_after_LOGOUT2 -->
