<?xml version="1.0" encoding="UTF-8"?>
<!-- Generated by org.testng.reporters.JUnitReportReporter -->
<testsuite hostname="DELL" failures="0" tests="1" name="TS_001_REGISTRATION_FUNCTIONALITY.TC_002_RF_not_enter_MANDATORY_FIELD" time="9.665" errors="0" timestamp="2024-05-14T19:51:57 IST" skipped="0">
  <testcase classname="TS_001_REGISTRATION_FUNCTIONALITY.TC_002_RF_not_enter_MANDATORY_FIELD" name="rf1" time="9.665"/>
  <system-out>
    <![CDATA[method namerf1
method status1]]>
  </system-out>
</testsuite> <!-- TS_001_REGISTRATION_FUNCTIONALITY.TC_002_RF_not_enter_MANDATORY_FIELD -->
