<?xml version="1.0" encoding="UTF-8"?>
<!-- Generated by org.testng.reporters.JUnitReportReporter -->
<testsuite hostname="DELL" failures="0" tests="2" name="TS_005_SEARCH_FUNCTIONALITY.TS_005_SF_TC_004_SEARCH_AFTER_LOGIN" time="56.677" errors="0" timestamp="2024-05-16T17:10:05 IST" skipped="0">
  <testcase classname="TS_005_SEARCH_FUNCTIONALITY.TS_005_SF_TC_004_SEARCH_AFTER_LOGIN" name="get_cap" time="43.949"/>
  <system-out>
    <![CDATA[method nameget_cap
method status1]]>
  </system-out>
  <testcase classname="TS_005_SEARCH_FUNCTIONALITY.TS_005_SF_TC_004_SEARCH_AFTER_LOGIN" name="TS_005_SF_TC_001_EXISTING_PLACE_NAME" time="12.728"/>
  <system-out>
    <![CDATA[method nameTS_005_SF_TC_001_EXISTING_PLACE_NAME
method status1]]>
  </system-out>
</testsuite> <!-- TS_005_SEARCH_FUNCTIONALITY.TS_005_SF_TC_004_SEARCH_AFTER_LOGIN -->
