<?xml version="1.0" encoding="UTF-8"?>
<!-- Generated by org.testng.reporters.JUnitReportReporter -->
<testsuite hostname="DELL" failures="0" tests="2" name="TS_003_LOGOUT_FUNCTIONALITY.TS_003_LO_TC_001_LOGOUT" time="71.650" errors="0" timestamp="2024-05-15T19:22:35 IST" skipped="0">
  <testcase classname="TS_003_LOGOUT_FUNCTIONALITY.TS_003_LO_TC_001_LOGOUT" name="logout" time="45.576"/>
  <system-out>
    <![CDATA[method namelogout
method status1]]>
  </system-out>
  <testcase classname="TS_003_LOGOUT_FUNCTIONALITY.TS_003_LO_TC_001_LOGOUT" name="get_cap" time="26.074"/>
  <system-out>
    <![CDATA[method nameget_cap
method status1]]>
  </system-out>
</testsuite> <!-- TS_003_LOGOUT_FUNCTIONALITY.TS_003_LO_TC_001_LOGOUT -->
