<?xml version="1.0" encoding="UTF-8"?>
<!-- Generated by org.testng.reporters.JUnitReportReporter -->
<testsuite hostname="DELL" failures="0" tests="1" name="TS_004_FORGOT_ACCOUNT_DETAILS.TS_004_FAD_TC_001_RESET_NON_EXIXTING_ACCOUNT" time="7.919" errors="0" timestamp="2024-05-16T07:02:17 IST" skipped="0">
  <testcase classname="TS_004_FORGOT_ACCOUNT_DETAILS.TS_004_FAD_TC_001_RESET_NON_EXIXTING_ACCOUNT" name="non_exixting_forgot_account_details" time="7.919"/>
  <system-out/>
</testsuite> <!-- TS_004_FORGOT_ACCOUNT_DETAILS.TS_004_FAD_TC_001_RESET_NON_EXIXTING_ACCOUNT -->
