<?xml version="1.0" encoding="UTF-8"?>
<!-- Generated by org.testng.reporters.JUnitReportReporter -->
<testsuite hostname="DELL" failures="0" tests="2" name="TS_002_LF_VALID_MANDATORY_FIELD.TC_001_LF_VALID_MANDATORY_FIELD" time="25.056" errors="0" timestamp="2024-05-15T14:09:38 IST" skipped="0">
  <testcase classname="TS_002_LF_VALID_MANDATORY_FIELD.TC_001_LF_VALID_MANDATORY_FIELD" name="get_cap" time="16.957"/>
  <system-out/>
  <testcase classname="TS_002_LF_VALID_MANDATORY_FIELD.TC_001_LF_VALID_MANDATORY_FIELD" name="LOGIN_FIELDS" time="8.099"/>
  <system-out/>
</testsuite> <!-- TS_002_LF_VALID_MANDATORY_FIELD.TC_001_LF_VALID_MANDATORY_FIELD -->
