<?xml version="1.0" encoding="UTF-8"?>
<!-- Generated by org.testng.reporters.JUnitReportReporter -->
<testsuite hostname="DELL" failures="0" tests="2" name="READ_CAPTCHA.READ__CAPTCHA" time="18.919" errors="0" timestamp="2024-05-14T15:56:59 IST" skipped="0">
  <testcase classname="READ_CAPTCHA.READ__CAPTCHA" name="read_captch" time="8.078"/>
  <system-out>
    <![CDATA[method nameread_captch
method status1]]>
  </system-out>
  <testcase classname="READ_CAPTCHA.READ__CAPTCHA" name="get_cap" time="10.841"/>
  <system-out>
    <![CDATA[method nameget_cap
method status1]]>
  </system-out>
</testsuite> <!-- READ_CAPTCHA.READ__CAPTCHA -->
