<?xml version="1.0" encoding="UTF-8"?>
<!-- Generated by org.testng.reporters.JUnitReportReporter -->
<testsuite hostname="DELL" failures="0" tests="2" name="TS_002_LF_VALID_MANDATORY_FIELD.TC_007_LF_validate_BACK_AFTER_LOGIN" time="31.508" errors="0" timestamp="2024-05-15T16:55:26 IST" skipped="0">
  <testcase classname="TS_002_LF_VALID_MANDATORY_FIELD.TC_007_LF_validate_BACK_AFTER_LOGIN" name="get_cap" time="16.694"/>
  <system-out>
    <![CDATA[method nameget_cap
method status1]]>
  </system-out>
  <testcase classname="TS_002_LF_VALID_MANDATORY_FIELD.TC_007_LF_validate_BACK_AFTER_LOGIN" name="LOGIN_FIELDS" time="14.814"/>
  <system-out>
    <![CDATA[method nameLOGIN_FIELDS
method status1]]>
  </system-out>
</testsuite> <!-- TS_002_LF_VALID_MANDATORY_FIELD.TC_007_LF_validate_BACK_AFTER_LOGIN -->
