<?xml version="1.0" encoding="UTF-8"?>
<!-- Generated by org.testng.reporters.JUnitReportReporter -->
<testsuite hostname="DELL" failures="0" tests="1" name="TS_001_REGISTRATION_FUNCTIONALITY.TC_007_RF_password_complixity" time="24.696" errors="0" timestamp="2024-05-15T08:44:24 IST" skipped="0">
  <testcase classname="TS_001_REGISTRATION_FUNCTIONALITY.TC_007_RF_password_complixity" name="rf1" time="24.696"/>
  <system-out>
    <![CDATA[method namerf1
method status1]]>
  </system-out>
</testsuite> <!-- TS_001_REGISTRATION_FUNCTIONALITY.TC_007_RF_password_complixity -->
