<?xml version="1.0" encoding="UTF-8"?>
<!-- Generated by org.testng.reporters.JUnitReportReporter -->
<testsuite hostname="DELL" failures="0" tests="2" name="TS_002_LF_VALID_MANDATORY_FIELD.TC_003_LF_VALID_password_FIELD2" time="22.469" errors="0" timestamp="2024-05-15T15:30:30 IST" skipped="0">
  <testcase classname="TS_002_LF_VALID_MANDATORY_FIELD.TC_003_LF_VALID_password_FIELD2" name="get_cap" time="16.010"/>
  <system-out>
    <![CDATA[method nameget_cap
method status1]]>
  </system-out>
  <testcase classname="TS_002_LF_VALID_MANDATORY_FIELD.TC_003_LF_VALID_password_FIELD2" name="LOGIN_FIELDS" time="6.459"/>
  <system-out>
    <![CDATA[method nameLOGIN_FIELDS
method status1]]>
  </system-out>
</testsuite> <!-- TS_002_LF_VALID_MANDATORY_FIELD.TC_003_LF_VALID_password_FIELD2 -->
