<?xml version="1.0" encoding="UTF-8"?>
<!-- Generated by org.testng.reporters.JUnitReportReporter -->
<testsuite hostname="DELL" failures="0" tests="1" name="TS_001_REGISTRATION_FUNCTIONALITY.TC_008_RF_title_url" time="31.598" errors="0" timestamp="2024-05-15T09:20:32 IST" skipped="0">
  <testcase classname="TS_001_REGISTRATION_FUNCTIONALITY.TC_008_RF_title_url" name="validate_title_url" time="31.598"/>
  <system-out/>
</testsuite> <!-- TS_001_REGISTRATION_FUNCTIONALITY.TC_008_RF_title_url -->
