<?xml version="1.0" encoding="UTF-8"?>
<!-- Generated by org.testng.reporters.JUnitReportReporter -->
<testsuite hostname="DELL" failures="0" tests="1" name="TS_004_FORGOT_ACCOUNT_DETAILS.TS_004_FAD_TC_0001_RESET_NON_EXIXTING_ACCOUNT" time="12.797" errors="0" timestamp="2024-05-16T07:30:55 IST" skipped="0">
  <testcase classname="TS_004_FORGOT_ACCOUNT_DETAILS.TS_004_FAD_TC_0001_RESET_NON_EXIXTING_ACCOUNT" name="get_cap" time="12.797"/>
  <system-out/>
</testsuite> <!-- TS_004_FORGOT_ACCOUNT_DETAILS.TS_004_FAD_TC_0001_RESET_NON_EXIXTING_ACCOUNT -->
