<?xml version="1.0" encoding="UTF-8"?>
<!-- Generated by org.testng.reporters.JUnitReportReporter -->
<testsuite hostname="DELL" failures="0" tests="1" name="TS_002_LF_VALID_MANDATORY_FIELD.TC_001_LF_VALID_MANDATORY_FIELD" time="17.866" errors="0" timestamp="2024-05-16T17:00:30 IST" skipped="0">
  <testcase classname="TS_002_LF_VALID_MANDATORY_FIELD.TC_001_LF_VALID_MANDATORY_FIELD" name="get_cap" time="17.866"/>
  <system-out/>
</testsuite> <!-- TS_002_LF_VALID_MANDATORY_FIELD.TC_001_LF_VALID_MANDATORY_FIELD -->
