<?xml version="1.0" encoding="UTF-8"?>
<!-- Generated by org.testng.reporters.JUnitReportReporter -->
<testsuite hostname="DELL" failures="0" tests="2" name="TS_004_FORGOT_ACCOUNT_DETAILS.TS_004_FAD_TC_001_RESET_NON_EXIXTING_ACCOUNT2" time="168.975" errors="0" timestamp="2024-05-16T12:26:20 IST" skipped="0">
  <testcase classname="TS_004_FORGOT_ACCOUNT_DETAILS.TS_004_FAD_TC_001_RESET_NON_EXIXTING_ACCOUNT2" name="get_cap" time="109.975"/>
  <system-out>
    <![CDATA[method nameget_cap
method status1]]>
  </system-out>
  <testcase classname="TS_004_FORGOT_ACCOUNT_DETAILS.TS_004_FAD_TC_001_RESET_NON_EXIXTING_ACCOUNT2" name="reset_password_page" time="59.000"/>
  <system-out>
    <![CDATA[method namereset_password_page
method status1]]>
  </system-out>
</testsuite> <!-- TS_004_FORGOT_ACCOUNT_DETAILS.TS_004_FAD_TC_001_RESET_NON_EXIXTING_ACCOUNT2 -->
