<?xml version="1.0" encoding="UTF-8"?>
<!-- Generated by org.testng.reporters.JUnitReportReporter -->
<testsuite hostname="DELL" failures="0" tests="2" name="TS_004_FORGOT_ACCOUNT_DETAILS.TS_004_FAD_TC_004_validate_url_title" time="23.754" errors="0" timestamp="2024-05-16T12:26:20 IST" skipped="0">
  <testcase classname="TS_004_FORGOT_ACCOUNT_DETAILS.TS_004_FAD_TC_004_validate_url_title" name="url_title_forgot_account_details" time="13.232"/>
  <system-out>
    <![CDATA[method nameurl_title_forgot_account_details
method status1]]>
  </system-out>
  <testcase classname="TS_004_FORGOT_ACCOUNT_DETAILS.TS_004_FAD_TC_004_validate_url_title" name="reset_password_page" time="10.522"/>
  <system-out>
    <![CDATA[method namereset_password_page
method status1]]>
  </system-out>
</testsuite> <!-- TS_004_FORGOT_ACCOUNT_DETAILS.TS_004_FAD_TC_004_validate_url_title -->
