<?xml version="1.0" encoding="UTF-8"?>
<!-- Generated by org.testng.reporters.JUnitReportReporter -->
<testsuite hostname="DELL" failures="0" tests="1" name="TS_007_CONTACT_US.TS_007_CU_TC_005_SUPPORTED_ENV" time="10.312" errors="0" timestamp="2024-05-16T18:30:18 IST" skipped="0">
  <testcase classname="TS_007_CONTACT_US.TS_007_CU_TC_005_SUPPORTED_ENV" name="TS_007_CU_TC_001_NAVIGATE_TO_CONTECT_US_PAGE" time="10.312"/>
  <system-out>
    <![CDATA[method nameTS_007_CU_TC_001_NAVIGATE_TO_CONTECT_US_PAGE
method status1]]>
  </system-out>
</testsuite> <!-- TS_007_CONTACT_US.TS_007_CU_TC_005_SUPPORTED_ENV -->
